{"meta": {"format": 3, "version": "7.9.1", "timestamp": "2025-06-26T09:18:19.118999", "branch_coverage": false, "show_contexts": false}, "files": {"src/__init__.py": {"executed_lines": [1], "summary": {"covered_lines": 0, "num_statements": 0, "percent_covered": 100.0, "percent_covered_display": "100", "missing_lines": 0, "excluded_lines": 0}, "missing_lines": [], "excluded_lines": [], "functions": {"": {"executed_lines": [], "summary": {"covered_lines": 0, "num_statements": 0, "percent_covered": 100.0, "percent_covered_display": "100", "missing_lines": 0, "excluded_lines": 0}, "missing_lines": [], "excluded_lines": []}}, "classes": {"": {"executed_lines": [], "summary": {"covered_lines": 0, "num_statements": 0, "percent_covered": 100.0, "percent_covered_display": "100", "missing_lines": 0, "excluded_lines": 0}, "missing_lines": [], "excluded_lines": []}}}, "src/evaluate.py": {"executed_lines": [1, 9, 10, 11, 13, 14, 15, 19, 30, 31, 32, 35, 45, 48, 60, 61, 68, 71, 82, 83, 84, 85, 88, 101, 102, 103, 104, 105, 108, 122, 123, 124, 139, 151], "summary": {"covered_lines": 33, "num_statements": 44, "percent_covered": 75.0, "percent_covered_display": "75", "missing_lines": 11, "excluded_lines": 0}, "missing_lines": [130, 131, 132, 133, 134, 136, 145, 146, 147, 148, 152], "excluded_lines": [], "functions": {"load_data": {"executed_lines": [30, 31, 32], "summary": {"covered_lines": 3, "num_statements": 3, "percent_covered": 100.0, "percent_covered_display": "100", "missing_lines": 0, "excluded_lines": 0}, "missing_lines": [], "excluded_lines": []}, "load_model": {"executed_lines": [45], "summary": {"covered_lines": 1, "num_statements": 1, "percent_covered": 100.0, "percent_covered_display": "100", "missing_lines": 0, "excluded_lines": 0}, "missing_lines": [], "excluded_lines": []}, "evaluate_model": {"executed_lines": [60, 61, 68], "summary": {"covered_lines": 3, "num_statements": 3, "percent_covered": 100.0, "percent_covered_display": "100", "missing_lines": 0, "excluded_lines": 0}, "missing_lines": [], "excluded_lines": []}, "save_metrics": {"executed_lines": [82, 83, 84, 85], "summary": {"covered_lines": 4, "num_statements": 4, "percent_covered": 100.0, "percent_covered_display": "100", "missing_lines": 0, "excluded_lines": 0}, "missing_lines": [], "excluded_lines": []}, "run_evaluation": {"executed_lines": [101, 102, 103, 104, 105], "summary": {"covered_lines": 5, "num_statements": 5, "percent_covered": 100.0, "percent_covered_display": "100", "missing_lines": 0, "excluded_lines": 0}, "missing_lines": [], "excluded_lines": []}, "parse_args": {"executed_lines": [122, 123, 124], "summary": {"covered_lines": 3, "num_statements": 9, "percent_covered": 33.333333333333336, "percent_covered_display": "33", "missing_lines": 6, "excluded_lines": 0}, "missing_lines": [130, 131, 132, 133, 134, 136], "excluded_lines": []}, "main": {"executed_lines": [], "summary": {"covered_lines": 0, "num_statements": 4, "percent_covered": 0.0, "percent_covered_display": "0", "missing_lines": 4, "excluded_lines": 0}, "missing_lines": [145, 146, 147, 148], "excluded_lines": []}, "": {"executed_lines": [1, 9, 10, 11, 13, 14, 15, 19, 35, 48, 71, 88, 108, 139, 151], "summary": {"covered_lines": 14, "num_statements": 15, "percent_covered": 93.33333333333333, "percent_covered_display": "93", "missing_lines": 1, "excluded_lines": 0}, "missing_lines": [152], "excluded_lines": []}}, "classes": {"": {"executed_lines": [1, 9, 10, 11, 13, 14, 15, 19, 30, 31, 32, 35, 45, 48, 60, 61, 68, 71, 82, 83, 84, 85, 88, 101, 102, 103, 104, 105, 108, 122, 123, 124, 139, 151], "summary": {"covered_lines": 33, "num_statements": 44, "percent_covered": 75.0, "percent_covered_display": "75", "missing_lines": 11, "excluded_lines": 0}, "missing_lines": [130, 131, 132, 133, 134, 136, 145, 146, 147, 148, 152], "excluded_lines": []}}}, "src/get_data.py": {"executed_lines": [1, 8, 9, 11, 12, 15, 23, 24, 25, 28, 32, 33, 34, 35, 36, 37, 40, 57, 59, 64, 69, 70, 71, 72, 73, 74, 75, 78, 97], "summary": {"covered_lines": 28, "num_statements": 37, "percent_covered": 75.67567567567568, "percent_covered_display": "76", "missing_lines": 9, "excluded_lines": 0}, "missing_lines": [60, 65, 82, 85, 91, 92, 93, 94, 98], "excluded_lines": [], "functions": {"download_from_drive": {"executed_lines": [23, 24, 25], "summary": {"covered_lines": 3, "num_statements": 3, "percent_covered": 100.0, "percent_covered_display": "100", "missing_lines": 0, "excluded_lines": 0}, "missing_lines": [], "excluded_lines": []}, "download_nltk_resources": {"executed_lines": [32, 33, 34, 35, 36, 37], "summary": {"covered_lines": 6, "num_statements": 6, "percent_covered": 100.0, "percent_covered_display": "100", "missing_lines": 0, "excluded_lines": 0}, "missing_lines": [], "excluded_lines": []}, "run_get_data": {"executed_lines": [57, 59, 64, 69, 70, 71, 72, 73, 74, 75], "summary": {"covered_lines": 10, "num_statements": 12, "percent_covered": 83.33333333333333, "percent_covered_display": "83", "missing_lines": 2, "excluded_lines": 0}, "missing_lines": [60, 65], "excluded_lines": []}, "main": {"executed_lines": [], "summary": {"covered_lines": 0, "num_statements": 6, "percent_covered": 0.0, "percent_covered_display": "0", "missing_lines": 6, "excluded_lines": 0}, "missing_lines": [82, 85, 91, 92, 93, 94], "excluded_lines": []}, "": {"executed_lines": [1, 8, 9, 11, 12, 15, 28, 40, 78, 97], "summary": {"covered_lines": 9, "num_statements": 10, "percent_covered": 90.0, "percent_covered_display": "90", "missing_lines": 1, "excluded_lines": 0}, "missing_lines": [98], "excluded_lines": []}}, "classes": {"": {"executed_lines": [1, 8, 9, 11, 12, 15, 23, 24, 25, 28, 32, 33, 34, 35, 36, 37, 40, 57, 59, 64, 69, 70, 71, 72, 73, 74, 75, 78, 97], "summary": {"covered_lines": 28, "num_statements": 37, "percent_covered": 75.67567567567568, "percent_covered_display": "76", "missing_lines": 9, "excluded_lines": 0}, "missing_lines": [60, 65, 82, 85, 91, 92, 93, 94, 98], "excluded_lines": []}}}, "src/prepare_data.py": {"executed_lines": [1, 11, 12, 13, 15, 16, 17, 20, 47, 61, 62, 64, 65, 66, 68, 69, 71, 72, 73, 76, 84], "summary": {"covered_lines": 20, "num_statements": 31, "percent_covered": 64.51612903225806, "percent_covered_display": "65", "missing_lines": 11, "excluded_lines": 0}, "missing_lines": [30, 31, 32, 40, 41, 42, 43, 44, 80, 81, 85], "excluded_lines": [], "functions": {"parse_args": {"executed_lines": [], "summary": {"covered_lines": 0, "num_statements": 8, "percent_covered": 0.0, "percent_covered_display": "0", "missing_lines": 8, "excluded_lines": 0}, "missing_lines": [30, 31, 32, 40, 41, 42, 43, 44], "excluded_lines": []}, "preprocess_and_save": {"executed_lines": [61, 62, 64, 65, 66, 68, 69, 71, 72, 73], "summary": {"covered_lines": 10, "num_statements": 10, "percent_covered": 100.0, "percent_covered_display": "100", "missing_lines": 0, "excluded_lines": 0}, "missing_lines": [], "excluded_lines": []}, "main": {"executed_lines": [], "summary": {"covered_lines": 0, "num_statements": 2, "percent_covered": 0.0, "percent_covered_display": "0", "missing_lines": 2, "excluded_lines": 0}, "missing_lines": [80, 81], "excluded_lines": []}, "": {"executed_lines": [1, 11, 12, 13, 15, 16, 17, 20, 47, 76, 84], "summary": {"covered_lines": 10, "num_statements": 11, "percent_covered": 90.9090909090909, "percent_covered_display": "91", "missing_lines": 1, "excluded_lines": 0}, "missing_lines": [85], "excluded_lines": []}}, "classes": {"": {"executed_lines": [1, 11, 12, 13, 15, 16, 17, 20, 47, 61, 62, 64, 65, 66, 68, 69, 71, 72, 73, 76, 84], "summary": {"covered_lines": 20, "num_statements": 31, "percent_covered": 64.51612903225806, "percent_covered_display": "65", "missing_lines": 11, "excluded_lines": 0}, "missing_lines": [30, 31, 32, 40, 41, 42, 43, 44, 80, 81, 85], "excluded_lines": []}}}, "src/train.py": {"executed_lines": [1, 9, 10, 11, 13, 14, 15, 16, 17, 18, 21, 57, 74, 75, 76, 77, 86, 96, 97, 98, 101, 112, 113, 114, 117, 122, 123, 124, 127, 153, 166], "summary": {"covered_lines": 30, "num_statements": 60, "percent_covered": 50.0, "percent_covered_display": "50", "missing_lines": 30, "excluded_lines": 0}, "missing_lines": [36, 37, 38, 48, 49, 50, 51, 52, 53, 54, 131, 132, 133, 134, 135, 137, 140, 142, 143, 144, 146, 147, 149, 150, 159, 160, 161, 162, 163, 167], "excluded_lines": [], "functions": {"parse_args": {"executed_lines": [], "summary": {"covered_lines": 0, "num_statements": 10, "percent_covered": 0.0, "percent_covered_display": "0", "missing_lines": 10, "excluded_lines": 0}, "missing_lines": [36, 37, 38, 48, 49, 50, 51, 52, 53, 54], "excluded_lines": []}, "load_params": {"executed_lines": [74, 75, 76, 77], "summary": {"covered_lines": 4, "num_statements": 4, "percent_covered": 100.0, "percent_covered_display": "100", "missing_lines": 0, "excluded_lines": 0}, "missing_lines": [], "excluded_lines": []}, "save_json": {"executed_lines": [96, 97, 98], "summary": {"covered_lines": 3, "num_statements": 3, "percent_covered": 100.0, "percent_covered_display": "100", "missing_lines": 0, "excluded_lines": 0}, "missing_lines": [], "excluded_lines": []}, "save_split_data": {"executed_lines": [112, 113, 114], "summary": {"covered_lines": 3, "num_statements": 3, "percent_covered": 100.0, "percent_covered_display": "100", "missing_lines": 0, "excluded_lines": 0}, "missing_lines": [], "excluded_lines": []}, "fit_naive_bayes": {"executed_lines": [122, 123, 124], "summary": {"covered_lines": 3, "num_statements": 3, "percent_covered": 100.0, "percent_covered_display": "100", "missing_lines": 0, "excluded_lines": 0}, "missing_lines": [], "excluded_lines": []}, "train_model": {"executed_lines": [], "summary": {"covered_lines": 0, "num_statements": 14, "percent_covered": 0.0, "percent_covered_display": "0", "missing_lines": 14, "excluded_lines": 0}, "missing_lines": [131, 132, 133, 134, 135, 137, 140, 142, 143, 144, 146, 147, 149, 150], "excluded_lines": []}, "main": {"executed_lines": [], "summary": {"covered_lines": 0, "num_statements": 5, "percent_covered": 0.0, "percent_covered_display": "0", "missing_lines": 5, "excluded_lines": 0}, "missing_lines": [159, 160, 161, 162, 163], "excluded_lines": []}, "": {"executed_lines": [1, 9, 10, 11, 13, 14, 15, 16, 17, 18, 21, 57, 86, 101, 117, 127, 153, 166], "summary": {"covered_lines": 17, "num_statements": 18, "percent_covered": 94.44444444444444, "percent_covered_display": "94", "missing_lines": 1, "excluded_lines": 0}, "missing_lines": [167], "excluded_lines": []}}, "classes": {"": {"executed_lines": [1, 9, 10, 11, 13, 14, 15, 16, 17, 18, 21, 57, 74, 75, 76, 77, 86, 96, 97, 98, 101, 112, 113, 114, 117, 122, 123, 124, 127, 153, 166], "summary": {"covered_lines": 30, "num_statements": 60, "percent_covered": 50.0, "percent_covered_display": "50", "missing_lines": 30, "excluded_lines": 0}, "missing_lines": [36, 37, 38, 48, 49, 50, 51, 52, 53, 54, 131, 132, 133, 134, 135, 137, 140, 142, 143, 144, 146, 147, 149, 150, 159, 160, 161, 162, 163, 167], "excluded_lines": []}}}}, "totals": {"covered_lines": 111, "num_statements": 172, "percent_covered": 64.53488372093024, "percent_covered_display": "65", "missing_lines": 61, "excluded_lines": 0}}