{"meta": {"format": 3, "version": "7.8.2", "timestamp": "2025-05-25T22:19:28.375208", "branch_coverage": false, "show_contexts": false}, "files": {"src/evaluate.py": {"executed_lines": [1, 9, 10, 11, 12, 14, 15, 16, 25, 27, 28, 29, 32, 34, 37, 39, 40, 47, 50, 52, 53, 54, 55, 58, 59, 60, 61, 62, 63, 66, 68, 69, 70, 84, 90], "summary": {"covered_lines": 34, "num_statements": 44, "percent_covered": 77.27272727272727, "percent_covered_display": "77", "missing_lines": 10, "excluded_lines": 0}, "missing_lines": [76, 77, 78, 79, 80, 82, 85, 86, 87, 91], "excluded_lines": [], "functions": {"load_data": {"executed_lines": [27, 28, 29], "summary": {"covered_lines": 3, "num_statements": 3, "percent_covered": 100.0, "percent_covered_display": "100", "missing_lines": 0, "excluded_lines": 0}, "missing_lines": [], "excluded_lines": []}, "load_model": {"executed_lines": [34], "summary": {"covered_lines": 1, "num_statements": 1, "percent_covered": 100.0, "percent_covered_display": "100", "missing_lines": 0, "excluded_lines": 0}, "missing_lines": [], "excluded_lines": []}, "evaluate_model": {"executed_lines": [39, 40, 47], "summary": {"covered_lines": 3, "num_statements": 3, "percent_covered": 100.0, "percent_covered_display": "100", "missing_lines": 0, "excluded_lines": 0}, "missing_lines": [], "excluded_lines": []}, "save_metrics": {"executed_lines": [52, 53, 54, 55], "summary": {"covered_lines": 4, "num_statements": 4, "percent_covered": 100.0, "percent_covered_display": "100", "missing_lines": 0, "excluded_lines": 0}, "missing_lines": [], "excluded_lines": []}, "run_evaluation": {"executed_lines": [59, 60, 61, 62, 63], "summary": {"covered_lines": 5, "num_statements": 5, "percent_covered": 100.0, "percent_covered_display": "100", "missing_lines": 0, "excluded_lines": 0}, "missing_lines": [], "excluded_lines": []}, "parse_args": {"executed_lines": [68, 69, 70], "summary": {"covered_lines": 3, "num_statements": 9, "percent_covered": 33.333333333333336, "percent_covered_display": "33", "missing_lines": 6, "excluded_lines": 0}, "missing_lines": [76, 77, 78, 79, 80, 82], "excluded_lines": []}, "main": {"executed_lines": [], "summary": {"covered_lines": 0, "num_statements": 3, "percent_covered": 0.0, "percent_covered_display": "0", "missing_lines": 3, "excluded_lines": 0}, "missing_lines": [85, 86, 87], "excluded_lines": []}, "": {"executed_lines": [1, 9, 10, 11, 12, 14, 15, 16, 25, 32, 37, 50, 58, 66, 84, 90], "summary": {"covered_lines": 15, "num_statements": 16, "percent_covered": 93.75, "percent_covered_display": "94", "missing_lines": 1, "excluded_lines": 0}, "missing_lines": [91], "excluded_lines": []}}, "classes": {"": {"executed_lines": [1, 9, 10, 11, 12, 14, 15, 16, 25, 27, 28, 29, 32, 34, 37, 39, 40, 47, 50, 52, 53, 54, 55, 58, 59, 60, 61, 62, 63, 66, 68, 69, 70, 84, 90], "summary": {"covered_lines": 34, "num_statements": 44, "percent_covered": 77.27272727272727, "percent_covered_display": "77", "missing_lines": 10, "excluded_lines": 0}, "missing_lines": [76, 77, 78, 79, 80, 82, 85, 86, 87, 91], "excluded_lines": []}}}, "src/get_data.py": {"executed_lines": [1, 8, 9, 10, 11, 14, 22, 23, 24, 27, 31, 32, 33, 34, 35, 36, 39, 40, 42, 47, 52, 53, 54, 55, 56, 57, 58, 61, 86], "summary": {"covered_lines": 28, "num_statements": 38, "percent_covered": 73.6842105263158, "percent_covered_display": "74", "missing_lines": 10, "excluded_lines": 0}, "missing_lines": [43, 48, 65, 68, 74, 80, 81, 82, 83, 87], "excluded_lines": [], "functions": {"download_from_drive": {"executed_lines": [22, 23, 24], "summary": {"covered_lines": 3, "num_statements": 3, "percent_covered": 100.0, "percent_covered_display": "100", "missing_lines": 0, "excluded_lines": 0}, "missing_lines": [], "excluded_lines": []}, "download_nltk_resources": {"executed_lines": [31, 32, 33, 34, 35, 36], "summary": {"covered_lines": 6, "num_statements": 6, "percent_covered": 100.0, "percent_covered_display": "100", "missing_lines": 0, "excluded_lines": 0}, "missing_lines": [], "excluded_lines": []}, "run_get_data": {"executed_lines": [40, 42, 47, 52, 53, 54, 55, 56, 57, 58], "summary": {"covered_lines": 10, "num_statements": 12, "percent_covered": 83.33333333333333, "percent_covered_display": "83", "missing_lines": 2, "excluded_lines": 0}, "missing_lines": [43, 48], "excluded_lines": []}, "main": {"executed_lines": [], "summary": {"covered_lines": 0, "num_statements": 7, "percent_covered": 0.0, "percent_covered_display": "0", "missing_lines": 7, "excluded_lines": 0}, "missing_lines": [65, 68, 74, 80, 81, 82, 83], "excluded_lines": []}, "": {"executed_lines": [1, 8, 9, 10, 11, 14, 27, 39, 61, 86], "summary": {"covered_lines": 9, "num_statements": 10, "percent_covered": 90.0, "percent_covered_display": "90", "missing_lines": 1, "excluded_lines": 0}, "missing_lines": [87], "excluded_lines": []}}, "classes": {"": {"executed_lines": [1, 8, 9, 10, 11, 14, 22, 23, 24, 27, 31, 32, 33, 34, 35, 36, 39, 40, 42, 47, 52, 53, 54, 55, 56, 57, 58, 61, 86], "summary": {"covered_lines": 28, "num_statements": 38, "percent_covered": 73.6842105263158, "percent_covered_display": "74", "missing_lines": 10, "excluded_lines": 0}, "missing_lines": [43, 48, 65, 68, 74, 80, 81, 82, 83, 87], "excluded_lines": []}}}, "src/prepare_data.py": {"executed_lines": [1, 11, 12, 13, 15, 16, 17, 20, 35, 36, 37, 39, 40, 41, 43, 44, 46, 47, 48, 50, 55], "summary": {"covered_lines": 20, "num_statements": 31, "percent_covered": 64.51612903225806, "percent_covered_display": "65", "missing_lines": 11, "excluded_lines": 0}, "missing_lines": [21, 22, 23, 29, 30, 31, 32, 33, 51, 52, 56], "excluded_lines": [], "functions": {"parse_args": {"executed_lines": [], "summary": {"covered_lines": 0, "num_statements": 8, "percent_covered": 0.0, "percent_covered_display": "0", "missing_lines": 8, "excluded_lines": 0}, "missing_lines": [21, 22, 23, 29, 30, 31, 32, 33], "excluded_lines": []}, "preprocess_and_save": {"executed_lines": [36, 37, 39, 40, 41, 43, 44, 46, 47, 48], "summary": {"covered_lines": 10, "num_statements": 10, "percent_covered": 100.0, "percent_covered_display": "100", "missing_lines": 0, "excluded_lines": 0}, "missing_lines": [], "excluded_lines": []}, "main": {"executed_lines": [], "summary": {"covered_lines": 0, "num_statements": 2, "percent_covered": 0.0, "percent_covered_display": "0", "missing_lines": 2, "excluded_lines": 0}, "missing_lines": [51, 52], "excluded_lines": []}, "": {"executed_lines": [1, 11, 12, 13, 15, 16, 17, 20, 35, 50, 55], "summary": {"covered_lines": 10, "num_statements": 11, "percent_covered": 90.9090909090909, "percent_covered_display": "91", "missing_lines": 1, "excluded_lines": 0}, "missing_lines": [56], "excluded_lines": []}}, "classes": {"": {"executed_lines": [1, 11, 12, 13, 15, 16, 17, 20, 35, 36, 37, 39, 40, 41, 43, 44, 46, 47, 48, 50, 55], "summary": {"covered_lines": 20, "num_statements": 31, "percent_covered": 64.51612903225806, "percent_covered_display": "65", "missing_lines": 11, "excluded_lines": 0}, "missing_lines": [21, 22, 23, 29, 30, 31, 32, 33, 51, 52, 56], "excluded_lines": []}}}, "src/train.py": {"executed_lines": [1, 8, 16, 17, 18, 20, 21, 22, 23, 24, 25, 30, 51, 52, 53, 54, 55, 64, 65, 66, 67, 70, 71, 72, 73, 76, 81, 85, 86, 89, 115, 123], "summary": {"covered_lines": 31, "num_statements": 61, "percent_covered": 50.81967213114754, "percent_covered_display": "51", "missing_lines": 30, "excluded_lines": 0}, "missing_lines": [32, 33, 34, 42, 43, 44, 45, 46, 47, 48, 93, 94, 95, 96, 97, 99, 102, 104, 105, 106, 108, 109, 111, 112, 116, 117, 118, 119, 120, 124], "excluded_lines": [], "functions": {"parse_args": {"executed_lines": [], "summary": {"covered_lines": 0, "num_statements": 10, "percent_covered": 0.0, "percent_covered_display": "0", "missing_lines": 10, "excluded_lines": 0}, "missing_lines": [32, 33, 34, 42, 43, 44, 45, 46, 47, 48], "excluded_lines": []}, "load_params": {"executed_lines": [52, 53, 54, 55], "summary": {"covered_lines": 4, "num_statements": 4, "percent_covered": 100.0, "percent_covered_display": "100", "missing_lines": 0, "excluded_lines": 0}, "missing_lines": [], "excluded_lines": []}, "save_json": {"executed_lines": [65, 66, 67], "summary": {"covered_lines": 3, "num_statements": 3, "percent_covered": 100.0, "percent_covered_display": "100", "missing_lines": 0, "excluded_lines": 0}, "missing_lines": [], "excluded_lines": []}, "save_split_data": {"executed_lines": [71, 72, 73], "summary": {"covered_lines": 3, "num_statements": 3, "percent_covered": 100.0, "percent_covered_display": "100", "missing_lines": 0, "excluded_lines": 0}, "missing_lines": [], "excluded_lines": []}, "fit_naive_bayes": {"executed_lines": [81, 85, 86], "summary": {"covered_lines": 3, "num_statements": 3, "percent_covered": 100.0, "percent_covered_display": "100", "missing_lines": 0, "excluded_lines": 0}, "missing_lines": [], "excluded_lines": []}, "train_model": {"executed_lines": [], "summary": {"covered_lines": 0, "num_statements": 14, "percent_covered": 0.0, "percent_covered_display": "0", "missing_lines": 14, "excluded_lines": 0}, "missing_lines": [93, 94, 95, 96, 97, 99, 102, 104, 105, 106, 108, 109, 111, 112], "excluded_lines": []}, "main": {"executed_lines": [], "summary": {"covered_lines": 0, "num_statements": 5, "percent_covered": 0.0, "percent_covered_display": "0", "missing_lines": 5, "excluded_lines": 0}, "missing_lines": [116, 117, 118, 119, 120], "excluded_lines": []}, "": {"executed_lines": [1, 8, 16, 17, 18, 20, 21, 22, 23, 24, 25, 30, 51, 64, 70, 76, 89, 115, 123], "summary": {"covered_lines": 18, "num_statements": 19, "percent_covered": 94.73684210526316, "percent_covered_display": "95", "missing_lines": 1, "excluded_lines": 0}, "missing_lines": [124], "excluded_lines": []}}, "classes": {"": {"executed_lines": [1, 8, 16, 17, 18, 20, 21, 22, 23, 24, 25, 30, 51, 52, 53, 54, 55, 64, 65, 66, 67, 70, 71, 72, 73, 76, 81, 85, 86, 89, 115, 123], "summary": {"covered_lines": 31, "num_statements": 61, "percent_covered": 50.81967213114754, "percent_covered_display": "51", "missing_lines": 30, "excluded_lines": 0}, "missing_lines": [32, 33, 34, 42, 43, 44, 45, 46, 47, 48, 93, 94, 95, 96, 97, 99, 102, 104, 105, 106, 108, 109, 111, 112, 116, 117, 118, 119, 120, 124], "excluded_lines": []}}}}, "totals": {"covered_lines": 113, "num_statements": 174, "percent_covered": 64.94252873563218, "percent_covered_display": "65", "missing_lines": 61, "excluded_lines": 0}}